<?xml version="1.0" encoding="UTF-8"?>
<!-- Generated by org.testng.reporters.JUnitReportReporter -->
<testsuite hostname="Amiya" failures="0" tests="1" name="orangehrm.testcases.OrangeHrmTest" time="24.357" errors="0" timestamp="2023-05-11T00:10:15 IST" skipped="0">
  <testcase classname="orangehrm.testcases.OrangeHrmTest" name="checkOrangeHrm" time="24.357"/>
  <system-out/>
</testsuite> <!-- orangehrm.testcases.OrangeHrmTest -->
