<?xml version="1.0" encoding="UTF-8"?>
<!-- Generated by org.testng.reporters.JUnitReportReporter -->
<testsuite hostname="LAPTOP-R35A1GIF" failures="0" tests="1" name="orangehrm.testcases.OrangeHrmTest" time="16.487" errors="0" timestamp="2023-05-08T11:35:59 IST" skipped="0">
  <testcase classname="orangehrm.testcases.OrangeHrmTest" name="checkOrangeHrm" time="16.487"/>
  <system-out/>
</testsuite> <!-- orangehrm.testcases.OrangeHrmTest -->
